<?xml version="1.0" encoding="UTF-8" ?>
<testsuite tests="3" failures="1" name="org.g10.lottery.service.ValidationsTest" time="0.005" errors="0" skipped="0">
  <properties>
[...]
</properties>
  <testcase classname="org.g10.lottery.service.ValidationsTest" name="org.g10.lottery.service.ValidationsTest.testInRange" time="0.002"/>
  <testcase classname="org.g10.lottery.service.ValidationsTest" name="org.g10.lottery.service.ValidationsTest.testIsEmail" time="0.003">
    <failure message="expected: &lt;true&gt; but was: &lt;false&gt;" type="org.opentest4j.AssertionFailedError">org.opentest4j.AssertionFailedError: expected: &lt;true&gt; but was: &lt;false&gt;
	at org.junit.jupiter.api.AssertionUtils.fail(AssertionUtils.java:38)
	at org.junit.jupiter.api.AssertTrue.assertTrue(AssertTrue.java:40)
	at org.junit.jupiter.api.AssertTrue.assertTrue(AssertTrue.java:35)
	at org.junit.jupiter.api.Assertions.assertTrue(Assertions.java:137)
	at org.g10.lottery.service.ValidationsTest.testIsEmail(ValidationsTest.java:31)
</failure>
  </testcase>
  <testcase classname="org.g10.lottery.service.ValidationsTest" name="org.g10.lottery.service.ValidationsTest.testIsNullOrWhitespace" time="0"/>
</testsuite>