<?xml version="1.0" encoding="UTF-8" ?>
<testsuite tests="9" failures="0" name="com.mycompany.vendingmachine.items.service.VendingMachineIT" time="0.048" errors="0" skipped="0">
  <properties>
[...]
</properties>
  <testcase classname="com.mycompany.vendingmachine.items.service.VendingMachineIT" name="com.mycompany.vendingmachine.items.service.VendingMachineIT.testGetStockPass" time="0.031"/>
  <testcase classname="com.mycompany.vendingmachine.items.service.VendingMachineIT" name="com.mycompany.vendingmachine.items.service.VendingMachineIT.testBuyItemPass" time="0.015"/>
  <testcase classname="com.mycompany.vendingmachine.items.service.VendingMachineIT" name="com.mycompany.vendingmachine.items.service.VendingMachineIT.testAddMoneyFail" time="0"/>
  <testcase classname="com.mycompany.vendingmachine.items.service.VendingMachineIT" name="com.mycompany.vendingmachine.items.service.VendingMachineIT.testBuyItemFail" time="0.001"/>
  <testcase classname="com.mycompany.vendingmachine.items.service.VendingMachineIT" name="com.mycompany.vendingmachine.items.service.VendingMachineIT.testGetChangePass" time="0.001"/>
  <testcase classname="com.mycompany.vendingmachine.items.service.VendingMachineIT" name="com.mycompany.vendingmachine.items.service.VendingMachineIT.testGetChangeFail" time="0"/>
  <testcase classname="com.mycompany.vendingmachine.items.service.VendingMachineIT" name="com.mycompany.vendingmachine.items.service.VendingMachineIT.testAddMoneyPass" time="0"/>
  <testcase classname="com.mycompany.vendingmachine.items.service.VendingMachineIT" name="com.mycompany.vendingmachine.items.service.VendingMachineIT.testRetrieveInsertedMoneysPass" time="0"/>
  <testcase classname="com.mycompany.vendingmachine.items.service.VendingMachineIT" name="com.mycompany.vendingmachine.items.service.VendingMachineIT.testRetrieveInsertedMoneysFail" time="0"/>
</testsuite>